<?xml version="1.0" encoding="UTF-8"?>
<coverage generated="1617264536587" clover="3.2.0">
  <project timestamp="1617264536587" name="All files">
    <metrics statements="25" coveredstatements="15" conditionals="12" coveredconditionals="6" methods="8" coveredmethods="4" elements="45" coveredelements="25" complexity="0" loc="25" ncloc="25" packages="1" files="2" classes="2"/>
    <file name="game.jsx" path="D:\bahardonemidersler\webpro\odevler\odev04\src\game.jsx">
      <metrics statements="22" coveredstatements="15" conditionals="12" coveredconditionals="6" methods="7" coveredmethods="4"/>
      <line num="5" count="5" type="stmt"/>
      <line num="6" count="5" type="stmt"/>
      <line num="16" count="5" type="stmt"/>
      <line num="17" count="1" type="stmt"/>
      <line num="19" count="1" type="cond" truecount="1" falsecount="1"/>
      <line num="20" count="1" type="stmt"/>
      <line num="23" count="1" type="cond" truecount="1" falsecount="1"/>
      <line num="24" count="0" type="stmt"/>
      <line num="25" count="0" type="stmt"/>
      <line num="27" count="1" type="stmt"/>
      <line num="28" count="1" type="cond" truecount="1" falsecount="1"/>
      <line num="29" count="0" type="stmt"/>
      <line num="32" count="1" type="stmt"/>
      <line num="38" count="1" type="cond" truecount="1" falsecount="1"/>
      <line num="39" count="0" type="stmt"/>
      <line num="47" count="5" type="stmt"/>
      <line num="48" count="0" type="stmt"/>
      <line num="58" count="6" type="stmt"/>
      <line num="59" count="6" type="stmt"/>
      <line num="63" count="1" type="stmt"/>
      <line num="64" count="0" type="stmt"/>
      <line num="65" count="0" type="stmt"/>
    </file>
    <file name="index.jsx" path="D:\bahardonemidersler\webpro\odevler\odev04\src\index.jsx">
      <metrics statements="3" coveredstatements="0" conditionals="0" coveredconditionals="0" methods="1" coveredmethods="0"/>
      <line num="5" count="0" type="stmt"/>
      <line num="6" count="0" type="stmt"/>
      <line num="12" count="0" type="stmt"/>
    </file>
  </project>
</coverage>
