TN:
SF:src\game.jsx
FN:4,(anonymous_0)
FN:16,(anonymous_1)
FN:47,(anonymous_2)
FN:57,(anonymous_3)
FN:63,(anonymous_4)
FN:64,(anonymous_5)
FN:65,(anonymous_6)
FNF:7
FNH:4
FNDA:5,(anonymous_0)
FNDA:1,(anonymous_1)
FNDA:0,(anonymous_2)
FNDA:6,(anonymous_3)
FNDA:1,(anonymous_4)
FNDA:0,(anonymous_5)
FNDA:0,(anonymous_6)
DA:5,5
DA:6,5
DA:16,5
DA:17,1
DA:19,1
DA:20,1
DA:23,1
DA:24,0
DA:25,0
DA:27,1
DA:28,1
DA:29,0
DA:32,1
DA:38,1
DA:39,0
DA:47,5
DA:48,0
DA:58,6
DA:59,6
DA:63,1
DA:64,0
DA:65,0
LF:22
LH:15
BRDA:19,0,0,1
BRDA:19,0,1,0
BRDA:23,1,0,0
BRDA:23,1,1,1
BRDA:28,2,0,0
BRDA:28,2,1,1
BRDA:38,3,0,0
BRDA:38,3,1,1
BRDA:66,4,0,0
BRDA:66,4,1,6
BRDA:67,5,0,6
BRDA:67,5,1,0
BRF:12
BRH:6
end_of_record
TN:
SF:src\index.jsx
FN:5,(anonymous_0)
FNF:1
FNH:0
FNDA:0,(anonymous_0)
DA:5,0
DA:6,0
DA:12,0
LF:3
LH:0
BRF:0
BRH:0
end_of_record
